<?xml version="1.0" encoding="UTF-8"?>
<!-- Generated by org.testng.reporters.JUnitReportReporter -->
<testsuite hostname="DESKTOP-RAR3R0F" failures="0" tests="2" name="com.simple.Programes.LaunchBrowser" time="10.248" errors="0" timestamp="2024-08-10T20:16:48 IST" skipped="0">
  <testcase classname="com.simple.Programes.LaunchBrowser" name="loginLivedemo" time="6.416"/>
  <testcase classname="com.simple.Programes.LaunchBrowser" name="loginLivedemoPropertiesFile" time="3.832"/>
</testsuite> <!-- com.simple.Programes.LaunchBrowser -->
